Release 14.7 - xst P.20131013 (nt64)
Copyright (c) 1995-2013 Xilinx, Inc.  All rights reserved.
--> Parameter TMPDIR set to xst/projnav.tmp


Total REAL time to Xst completion: 1.00 secs
Total CPU time to Xst completion: 1.06 secs
 
--> Parameter xsthdpdir set to xst


Total REAL time to Xst completion: 1.00 secs
Total CPU time to Xst completion: 1.07 secs
 
--> Reading design: counter_4bit.prj

TABLE OF CONTENTS
  1) Synthesis Options Summary
  2) HDL Parsing
  3) HDL Elaboration
  4) HDL Synthesis
       4.1) HDL Synthesis Report
  5) Advanced HDL Synthesis
       5.1) Advanced HDL Synthesis Report
  6) Low Level Synthesis
  7) Partition Report
  8) Design Summary
       8.1) Primitive and Black Box Usage
       8.2) Device utilization summary
       8.3) Partition Resource Summary
       8.4) Timing Report
            8.4.1) Clock Information
            8.4.2) Asynchronous Control Signals Information
            8.4.3) Timing Summary
            8.4.4) Timing Details
            8.4.5) Cross Clock Domains Report


=========================================================================
*                      Synthesis Options Summary                        *
=========================================================================
---- Source Parameters
Input File Name                    : "counter_4bit.prj"
Ignore Synthesis Constraint File   : NO

---- Target Parameters
Output File Name                   : "counter_4bit"
Output Format                      : NGC
Target Device                      : xc7a100t-3-csg324

---- Source Options
Top Module Name                    : counter_4bit
Automatic FSM Extraction           : YES
FSM Encoding Algorithm             : Auto
Safe Implementation                : No
FSM Style                          : LUT
RAM Extraction                     : Yes
RAM Style                          : Auto
ROM Extraction                     : Yes
Shift Register Extraction          : YES
ROM Style                          : Auto
Resource Sharing                   : YES
Asynchronous To Synchronous        : NO
Shift Register Minimum Size        : 2
Use DSP Block                      : Auto
Automatic Register Balancing       : No

---- Target Options
LUT Combining                      : Auto
Reduce Control Sets                : Auto
Add IO Buffers                     : YES
Global Maximum Fanout              : 100000
Add Generic Clock Buffer(BUFG)     : 32
Register Duplication               : YES
Optimize Instantiated Primitives   : NO
Use Clock Enable                   : Auto
Use Synchronous Set                : Auto
Use Synchronous Reset              : Auto
Pack IO Registers into IOBs        : Auto
Equivalent register Removal        : YES

---- General Options
Optimization Goal                  : Speed
Optimization Effort                : 1
Power Reduction                    : NO
Keep Hierarchy                     : No
Netlist Hierarchy                  : As_Optimized
RTL Output                         : Yes
Global Optimization                : AllClockNets
Read Cores                         : YES
Write Timing Constraints           : NO
Cross Clock Analysis               : NO
Hierarchy Separator                : /
Bus Delimiter                      : <>
Case Specifier                     : Maintain
Slice Utilization Ratio            : 100
BRAM Utilization Ratio             : 100
DSP48 Utilization Ratio            : 100
Auto BRAM Packing                  : NO
Slice Utilization Ratio Delta      : 5

=========================================================================


=========================================================================
*                          HDL Parsing                                  *
=========================================================================
Analyzing Verilog file "C:\Users\Mohit\Desktop\mk\counters\counter_4bit.v" into library work
Parsing module <counter_4bit>.

=========================================================================
*                            HDL Elaboration                            *
=========================================================================

Elaborating module <counter_4bit>.

=========================================================================
*                           HDL Synthesis                               *
=========================================================================

Synthesizing Unit <counter_4bit>.
    Related source file is "C:\Users\Mohit\Desktop\mk\counters\counter_4bit.v".
    Found 1-bit register for signal <q1>.
    Found 1-bit register for signal <q2>.
    Found 1-bit register for signal <q3>.
    Found 1-bit register for signal <q0>.
    Summary:
	inferred   4 D-type flip-flop(s).
Unit <counter_4bit> synthesized.

=========================================================================
HDL Synthesis Report

Macro Statistics
# Registers                                            : 4
 1-bit register                                        : 4

=========================================================================

=========================================================================
*                       Advanced HDL Synthesis                          *
=========================================================================


=========================================================================
Advanced HDL Synthesis Report

Macro Statistics
# Registers                                            : 4
 Flip-Flops                                            : 4

=========================================================================

=========================================================================
*                         Low Level Synthesis                           *
=========================================================================

Optimizing unit <counter_4bit> ...

Mapping all equations...
Building and optimizing final netlist ...
Found area constraint ratio of 100 (+ 5) on block counter_4bit, actual ratio is 0.

Final Macro Processing ...

=========================================================================
Final Register Report

Macro Statistics
# Registers                                            : 4
 Flip-Flops                                            : 4

=========================================================================

=========================================================================
*                           Partition Report                            *
=========================================================================

Partition Implementation Status
-------------------------------

  No Partitions were found in this design.

-------------------------------

=========================================================================
*                            Design Summary                             *
=========================================================================

Top Level Output File Name         : counter_4bit.ngc

Primitive and Black Box Usage:
------------------------------
# BELS                             : 4
#      INV                         : 4
# FlipFlops/Latches                : 4
#      FD_1                        : 3
#      FDE_1                       : 1
# Clock Buffers                    : 1
#      BUFGP                       : 1
# IO Buffers                       : 5
#      IBUF                        : 1
#      OBUF                        : 4

Device utilization summary:
---------------------------

Selected Device : 7a100tcsg324-3 


Slice Logic Utilization: 
 Number of Slice Registers:               4  out of  126800     0%  
 Number of Slice LUTs:                    4  out of  63400     0%  
    Number used as Logic:                 4  out of  63400     0%  

Slice Logic Distribution: 
 Number of LUT Flip Flop pairs used:      8
   Number with an unused Flip Flop:       4  out of      8    50%  
   Number with an unused LUT:             4  out of      8    50%  
   Number of fully used LUT-FF pairs:     0  out of      8     0%  
   Number of unique control sets:         4

IO Utilization: 
 Number of IOs:                           6
 Number of bonded IOBs:                   6  out of    210     2%  

Specific Feature Utilization:
 Number of BUFG/BUFGCTRLs:                1  out of     32     3%  

---------------------------
Partition Resource Summary:
---------------------------

  No Partitions were found in this design.

---------------------------


=========================================================================
Timing Report

NOTE: THESE TIMING NUMBERS ARE ONLY A SYNTHESIS ESTIMATE.
      FOR ACCURATE TIMING INFORMATION PLEASE REFER TO THE TRACE REPORT
      GENERATED AFTER PLACE-and-ROUTE.

Clock Information:
------------------
-----------------------------------+------------------------+-------+
Clock Signal                       | Clock buffer(FF name)  | Load  |
-----------------------------------+------------------------+-------+
clk                                | BUFGP                  | 1     |
q0_OBUF                            | NONE(q1)               | 1     |
q1_OBUF                            | NONE(q2)               | 1     |
q2_OBUF                            | NONE(q3)               | 1     |
-----------------------------------+------------------------+-------+
INFO:Xst:2169 - HDL ADVISOR - Some clock signals were not automatically buffered by XST with BUFG/BUFR resources. Please use the buffer_type constraint in order to insert these buffers to the clock signals to help prevent skew problems.

Asynchronous Control Signals Information:
----------------------------------------
No asynchronous control signals found in this design

Timing Summary:
---------------
Speed Grade: -3

   Minimum period: 1.053ns (Maximum Frequency: 949.307MHz)
   Minimum input arrival time before clock: 0.375ns
   Maximum output required time after clock: 0.653ns
   Maximum combinational path delay: No path found

Timing Details:
---------------
All values displayed in nanoseconds (ns)

=========================================================================
Timing constraint: Default period analysis for Clock 'clk'
  Clock period: 1.053ns (frequency: 949.307MHz)
  Total number of paths / destination ports: 1 / 1
-------------------------------------------------------------------------
Delay:               1.053ns (Levels of Logic = 1)
  Source:            q0 (FF)
  Destination:       q0 (FF)
  Source Clock:      clk falling
  Destination Clock: clk falling

  Data Path: q0 to q0
                                Gate     Net
    Cell:in->out      fanout   Delay   Delay  Logical Name (Net Name)
    ----------------------------------------  ------------
     FDE_1:C->Q            3   0.364   0.289  q0 (q0_OBUF)
     INV:I->O              1   0.113   0.279  q0_INV_2_o1_INV_0 (q0_INV_2_o)
     FDE_1:D                   0.008          q0
    ----------------------------------------
    Total                      1.053ns (0.485ns logic, 0.568ns route)
                                       (46.0% logic, 54.0% route)

=========================================================================
Timing constraint: Default period analysis for Clock 'q0_OBUF'
  Clock period: 1.053ns (frequency: 949.307MHz)
  Total number of paths / destination ports: 1 / 1
-------------------------------------------------------------------------
Delay:               1.053ns (Levels of Logic = 1)
  Source:            q1 (FF)
  Destination:       q1 (FF)
  Source Clock:      q0_OBUF falling
  Destination Clock: q0_OBUF falling

  Data Path: q1 to q1
                                Gate     Net
    Cell:in->out      fanout   Delay   Delay  Logical Name (Net Name)
    ----------------------------------------  ------------
     FD_1:C->Q             3   0.364   0.289  q1 (q1_OBUF)
     INV:I->O              1   0.113   0.279  q1_INV_4_o1_INV_0 (q1_INV_4_o)
     FD_1:D                    0.008          q1
    ----------------------------------------
    Total                      1.053ns (0.485ns logic, 0.568ns route)
                                       (46.0% logic, 54.0% route)

=========================================================================
Timing constraint: Default period analysis for Clock 'q1_OBUF'
  Clock period: 1.053ns (frequency: 949.307MHz)
  Total number of paths / destination ports: 1 / 1
-------------------------------------------------------------------------
Delay:               1.053ns (Levels of Logic = 1)
  Source:            q2 (FF)
  Destination:       q2 (FF)
  Source Clock:      q1_OBUF falling
  Destination Clock: q1_OBUF falling

  Data Path: q2 to q2
                                Gate     Net
    Cell:in->out      fanout   Delay   Delay  Logical Name (Net Name)
    ----------------------------------------  ------------
     FD_1:C->Q             3   0.364   0.289  q2 (q2_OBUF)
     INV:I->O              1   0.113   0.279  q2_INV_6_o1_INV_0 (q2_INV_6_o)
     FD_1:D                    0.008          q2
    ----------------------------------------
    Total                      1.053ns (0.485ns logic, 0.568ns route)
                                       (46.0% logic, 54.0% route)

=========================================================================
Timing constraint: Default period analysis for Clock 'q2_OBUF'
  Clock period: 1.048ns (frequency: 954.381MHz)
  Total number of paths / destination ports: 1 / 1
-------------------------------------------------------------------------
Delay:               1.048ns (Levels of Logic = 1)
  Source:            q3 (FF)
  Destination:       q3 (FF)
  Source Clock:      q2_OBUF falling
  Destination Clock: q2_OBUF falling

  Data Path: q3 to q3
                                Gate     Net
    Cell:in->out      fanout   Delay   Delay  Logical Name (Net Name)
    ----------------------------------------  ------------
     FD_1:C->Q             2   0.364   0.284  q3 (q3_OBUF)
     INV:I->O              1   0.113   0.279  q3_INV_8_o1_INV_0 (q3_INV_8_o)
     FD_1:D                    0.008          q3
    ----------------------------------------
    Total                      1.048ns (0.485ns logic, 0.563ns route)
                                       (46.3% logic, 53.7% route)

=========================================================================
Timing constraint: Default OFFSET IN BEFORE for Clock 'clk'
  Total number of paths / destination ports: 1 / 1
-------------------------------------------------------------------------
Offset:              0.375ns (Levels of Logic = 1)
  Source:            t (PAD)
  Destination:       q0 (FF)
  Destination Clock: clk falling

  Data Path: t to q0
                                Gate     Net
    Cell:in->out      fanout   Delay   Delay  Logical Name (Net Name)
    ----------------------------------------  ------------
     IBUF:I->O             1   0.001   0.279  t_IBUF (t_IBUF)
     FDE_1:CE                  0.095          q0
    ----------------------------------------
    Total                      0.375ns (0.096ns logic, 0.279ns route)
                                       (25.6% logic, 74.4% route)

=========================================================================
Timing constraint: Default OFFSET OUT AFTER for Clock 'clk'
  Total number of paths / destination ports: 1 / 1
-------------------------------------------------------------------------
Offset:              0.653ns (Levels of Logic = 1)
  Source:            q0 (FF)
  Destination:       q0 (PAD)
  Source Clock:      clk falling

  Data Path: q0 to q0
                                Gate     Net
    Cell:in->out      fanout   Delay   Delay  Logical Name (Net Name)
    ----------------------------------------  ------------
     FDE_1:C->Q            3   0.364   0.289  q0 (q0_OBUF)
     OBUF:I->O                 0.000          q0_OBUF (q0)
    ----------------------------------------
    Total                      0.653ns (0.364ns logic, 0.289ns route)
                                       (55.7% logic, 44.3% route)

=========================================================================
Timing constraint: Default OFFSET OUT AFTER for Clock 'q0_OBUF'
  Total number of paths / destination ports: 1 / 1
-------------------------------------------------------------------------
Offset:              0.653ns (Levels of Logic = 1)
  Source:            q1 (FF)
  Destination:       q1 (PAD)
  Source Clock:      q0_OBUF falling

  Data Path: q1 to q1
                                Gate     Net
    Cell:in->out      fanout   Delay   Delay  Logical Name (Net Name)
    ----------------------------------------  ------------
     FD_1:C->Q             3   0.364   0.289  q1 (q1_OBUF)
     OBUF:I->O                 0.000          q1_OBUF (q1)
    ----------------------------------------
    Total                      0.653ns (0.364ns logic, 0.289ns route)
                                       (55.7% logic, 44.3% route)

=========================================================================
Timing constraint: Default OFFSET OUT AFTER for Clock 'q1_OBUF'
  Total number of paths / destination ports: 1 / 1
-------------------------------------------------------------------------
Offset:              0.653ns (Levels of Logic = 1)
  Source:            q2 (FF)
  Destination:       q2 (PAD)
  Source Clock:      q1_OBUF falling

  Data Path: q2 to q2
                                Gate     Net
    Cell:in->out      fanout   Delay   Delay  Logical Name (Net Name)
    ----------------------------------------  ------------
     FD_1:C->Q             3   0.364   0.289  q2 (q2_OBUF)
     OBUF:I->O                 0.000          q2_OBUF (q2)
    ----------------------------------------
    Total                      0.653ns (0.364ns logic, 0.289ns route)
                                       (55.7% logic, 44.3% route)

=========================================================================
Timing constraint: Default OFFSET OUT AFTER for Clock 'q2_OBUF'
  Total number of paths / destination ports: 1 / 1
-------------------------------------------------------------------------
Offset:              0.647ns (Levels of Logic = 1)
  Source:            q3 (FF)
  Destination:       q3 (PAD)
  Source Clock:      q2_OBUF falling

  Data Path: q3 to q3
                                Gate     Net
    Cell:in->out      fanout   Delay   Delay  Logical Name (Net Name)
    ----------------------------------------  ------------
     FD_1:C->Q             2   0.364   0.283  q3 (q3_OBUF)
     OBUF:I->O                 0.000          q3_OBUF (q3)
    ----------------------------------------
    Total                      0.647ns (0.364ns logic, 0.283ns route)
                                       (56.2% logic, 43.8% route)

=========================================================================

Cross Clock Domains Report:
--------------------------

Clock to Setup on destination clock clk
---------------+---------+---------+---------+---------+
               | Src:Rise| Src:Fall| Src:Rise| Src:Fall|
Source Clock   |Dest:Rise|Dest:Rise|Dest:Fall|Dest:Fall|
---------------+---------+---------+---------+---------+
clk            |         |         |    1.053|         |
---------------+---------+---------+---------+---------+

Clock to Setup on destination clock q0_OBUF
---------------+---------+---------+---------+---------+
               | Src:Rise| Src:Fall| Src:Rise| Src:Fall|
Source Clock   |Dest:Rise|Dest:Rise|Dest:Fall|Dest:Fall|
---------------+---------+---------+---------+---------+
q0_OBUF        |         |         |    1.053|         |
---------------+---------+---------+---------+---------+

Clock to Setup on destination clock q1_OBUF
---------------+---------+---------+---------+---------+
               | Src:Rise| Src:Fall| Src:Rise| Src:Fall|
Source Clock   |Dest:Rise|Dest:Rise|Dest:Fall|Dest:Fall|
---------------+---------+---------+---------+---------+
q1_OBUF        |         |         |    1.053|         |
---------------+---------+---------+---------+---------+

Clock to Setup on destination clock q2_OBUF
---------------+---------+---------+---------+---------+
               | Src:Rise| Src:Fall| Src:Rise| Src:Fall|
Source Clock   |Dest:Rise|Dest:Rise|Dest:Fall|Dest:Fall|
---------------+---------+---------+---------+---------+
q2_OBUF        |         |         |    1.048|         |
---------------+---------+---------+---------+---------+

=========================================================================


Total REAL time to Xst completion: 27.00 secs
Total CPU time to Xst completion: 26.80 secs
 
--> 

Total memory usage is 446604 kilobytes

Number of errors   :    0 (   0 filtered)
Number of warnings :    0 (   0 filtered)
Number of infos    :    1 (   0 filtered)

